<?xml version="1.0" encoding="UTF-8"?>
<coverage generated="1694193010017" clover="3.2.0">
  <project timestamp="1694193010018" name="All files">
    <metrics statements="16" coveredstatements="16" conditionals="6" coveredconditionals="6" methods="5" coveredmethods="5" elements="27" coveredelements="27" complexity="0" loc="16" ncloc="16" packages="1" files="1" classes="1"/>
    <file name="MatchBasic.js" path="D:\Roshit\coding\dbsfcc-expert\materi\math-api\src\MatchBasic.js">
      <metrics statements="16" coveredstatements="16" conditionals="6" coveredconditionals="6" methods="5" coveredmethods="5"/>
      <line num="1" count="1" type="stmt"/>
      <line num="3" count="40" type="cond" truecount="2" falsecount="0"/>
      <line num="4" count="16" type="stmt"/>
      <line num="7" count="24" type="stmt"/>
      <line num="9" count="24" type="cond" truecount="4" falsecount="0"/>
      <line num="10" count="12" type="stmt"/>
      <line num="12" count="12" type="stmt"/>
      <line num="16" count="10" type="stmt"/>
      <line num="17" count="3" type="stmt"/>
      <line num="21" count="10" type="stmt"/>
      <line num="22" count="3" type="stmt"/>
      <line num="25" count="10" type="stmt"/>
      <line num="26" count="3" type="stmt"/>
      <line num="29" count="10" type="stmt"/>
      <line num="30" count="3" type="stmt"/>
      <line num="34" count="1" type="stmt"/>
    </file>
  </project>
</coverage>
