<?xml version="1.0" encoding="UTF-8"?>
<coverage generated="1694403889698" clover="3.2.0">
  <project timestamp="1694403889698" name="All files">
    <metrics statements="62" coveredstatements="62" conditionals="10" coveredconditionals="10" methods="21" coveredmethods="21" elements="93" coveredelements="93" complexity="0" loc="62" ncloc="62" packages="1" files="3" classes="3"/>
    <file name="FigureCalculator.js" path="D:\Roshit\coding\dbsfcc-expert\materi\Automation Testing\1. math-api\src\FigureCalculator.js">
      <metrics statements="16" coveredstatements="16" conditionals="4" coveredconditionals="4" methods="7" coveredmethods="7"/>
      <line num="3" count="17" type="stmt"/>
      <line num="7" count="34" type="cond" truecount="2" falsecount="0"/>
      <line num="8" count="16" type="stmt"/>
      <line num="11" count="18" type="stmt"/>
      <line num="12" count="29" type="cond" truecount="2" falsecount="0"/>
      <line num="13" count="9" type="stmt"/>
      <line num="17" count="9" type="stmt"/>
      <line num="21" count="8" type="stmt"/>
      <line num="24" count="2" type="stmt"/>
      <line num="28" count="8" type="stmt"/>
      <line num="31" count="2" type="stmt"/>
      <line num="35" count="9" type="stmt"/>
      <line num="38" count="2" type="stmt"/>
      <line num="42" count="9" type="stmt"/>
      <line num="45" count="3" type="stmt"/>
      <line num="49" count="2" type="stmt"/>
    </file>
    <file name="MatchBasic.js" path="D:\Roshit\coding\dbsfcc-expert\materi\Automation Testing\1. math-api\src\MatchBasic.js">
      <metrics statements="16" coveredstatements="16" conditionals="6" coveredconditionals="6" methods="5" coveredmethods="5"/>
      <line num="1" count="3" type="stmt"/>
      <line num="3" count="58" type="cond" truecount="2" falsecount="0"/>
      <line num="4" count="16" type="stmt"/>
      <line num="7" count="42" type="stmt"/>
      <line num="9" count="42" type="cond" truecount="4" falsecount="0"/>
      <line num="10" count="12" type="stmt"/>
      <line num="12" count="30" type="stmt"/>
      <line num="16" count="17" type="stmt"/>
      <line num="17" count="10" type="stmt"/>
      <line num="21" count="11" type="stmt"/>
      <line num="22" count="4" type="stmt"/>
      <line num="25" count="17" type="stmt"/>
      <line num="26" count="10" type="stmt"/>
      <line num="29" count="13" type="stmt"/>
      <line num="30" count="6" type="stmt"/>
      <line num="34" count="3" type="stmt"/>
    </file>
    <file name="createServer.js" path="D:\Roshit\coding\dbsfcc-expert\materi\Automation Testing\1. math-api\src\createServer.js">
      <metrics statements="30" coveredstatements="30" conditionals="0" coveredconditionals="0" methods="9" coveredmethods="9"/>
      <line num="1" count="1" type="stmt"/>
      <line num="3" count="1" type="stmt"/>
      <line num="4" count="8" type="stmt"/>
      <line num="9" count="8" type="stmt"/>
      <line num="14" count="1" type="stmt"/>
      <line num="15" count="1" type="stmt"/>
      <line num="16" count="1" type="stmt"/>
      <line num="23" count="1" type="stmt"/>
      <line num="24" count="1" type="stmt"/>
      <line num="25" count="1" type="stmt"/>
      <line num="32" count="1" type="stmt"/>
      <line num="33" count="1" type="stmt"/>
      <line num="34" count="1" type="stmt"/>
      <line num="41" count="1" type="stmt"/>
      <line num="42" count="1" type="stmt"/>
      <line num="43" count="1" type="stmt"/>
      <line num="50" count="1" type="stmt"/>
      <line num="51" count="1" type="stmt"/>
      <line num="55" count="1" type="stmt"/>
      <line num="62" count="1" type="stmt"/>
      <line num="63" count="1" type="stmt"/>
      <line num="67" count="1" type="stmt"/>
      <line num="74" count="1" type="stmt"/>
      <line num="75" count="1" type="stmt"/>
      <line num="80" count="1" type="stmt"/>
      <line num="87" count="1" type="stmt"/>
      <line num="88" count="1" type="stmt"/>
      <line num="92" count="1" type="stmt"/>
      <line num="97" count="8" type="stmt"/>
      <line num="100" count="1" type="stmt"/>
    </file>
  </project>
</coverage>
