{"D:\\Roshit\\coding\\dbsfcc-expert\\materi\\math-api\\src\\MatchBasic.js": {"path":"D:\\Roshit\\coding\\dbsfcc-expert\\materi\\math-api\\src\\MatchBasic.js","statementMap":{"0":{"start":{"line":1,"column":18},"end":{"line":32,"column":1}},"1":{"start":{"line":3,"column":4},"end":{"line":5,"column":5}},"2":{"start":{"line":4,"column":6},"end":{"line":4,"column":65}},"3":{"start":{"line":7,"column":19},"end":{"line":7,"column":23}},"4":{"start":{"line":9,"column":4},"end":{"line":11,"column":5}},"5":{"start":{"line":10,"column":6},"end":{"line":10,"column":64}},"6":{"start":{"line":12,"column":4},"end":{"line":12,"column":16}},"7":{"start":{"line":16,"column":19},"end":{"line":16,"column":43}},"8":{"start":{"line":17,"column":4},"end":{"line":17,"column":17}},"9":{"start":{"line":21,"column":19},"end":{"line":21,"column":43}},"10":{"start":{"line":22,"column":4},"end":{"line":22,"column":17}},"11":{"start":{"line":25,"column":19},"end":{"line":25,"column":43}},"12":{"start":{"line":26,"column":4},"end":{"line":26,"column":17}},"13":{"start":{"line":29,"column":19},"end":{"line":29,"column":43}},"14":{"start":{"line":30,"column":4},"end":{"line":30,"column":17}},"15":{"start":{"line":34,"column":0},"end":{"line":34,"column":27}}},"fnMap":{"0":{"name":"(anonymous_0)","decl":{"start":{"line":2,"column":2},"end":{"line":2,"column":3}},"loc":{"start":{"line":2,"column":22},"end":{"line":13,"column":3}},"line":2},"1":{"name":"(anonymous_1)","decl":{"start":{"line":15,"column":2},"end":{"line":15,"column":3}},"loc":{"start":{"line":15,"column":15},"end":{"line":18,"column":3}},"line":15},"2":{"name":"(anonymous_2)","decl":{"start":{"line":20,"column":2},"end":{"line":20,"column":3}},"loc":{"start":{"line":20,"column":20},"end":{"line":23,"column":3}},"line":20},"3":{"name":"(anonymous_3)","decl":{"start":{"line":24,"column":2},"end":{"line":24,"column":3}},"loc":{"start":{"line":24,"column":20},"end":{"line":27,"column":3}},"line":24},"4":{"name":"(anonymous_4)","decl":{"start":{"line":28,"column":2},"end":{"line":28,"column":3}},"loc":{"start":{"line":28,"column":18},"end":{"line":31,"column":3}},"line":28}},"branchMap":{"0":{"loc":{"start":{"line":3,"column":4},"end":{"line":5,"column":5}},"type":"if","locations":[{"start":{"line":3,"column":4},"end":{"line":5,"column":5}},{"start":{},"end":{}}],"line":3},"1":{"loc":{"start":{"line":9,"column":4},"end":{"line":11,"column":5}},"type":"if","locations":[{"start":{"line":9,"column":4},"end":{"line":11,"column":5}},{"start":{},"end":{}}],"line":9},"2":{"loc":{"start":{"line":9,"column":8},"end":{"line":9,"column":54}},"type":"binary-expr","locations":[{"start":{"line":9,"column":8},"end":{"line":9,"column":29}},{"start":{"line":9,"column":33},"end":{"line":9,"column":54}}],"line":9}},"s":{"0":1,"1":40,"2":16,"3":24,"4":24,"5":12,"6":12,"7":10,"8":3,"9":10,"10":3,"11":10,"12":3,"13":10,"14":3,"15":1},"f":{"0":40,"1":10,"2":10,"3":10,"4":10},"b":{"0":[16,24],"1":[12,12],"2":[24,12]},"_coverageSchema":"1a1c01bbd47fc00a2c39e90264f33305004495a9","hash":"65d8dc55fb492f4c8b313c46d73e7688a57f74f8"}
}
