{"D:\\Roshit\\coding\\dbsfcc-expert\\materi\\Automation Testing\\1. math-api\\src\\FigureCalculator.js": {"path":"D:\\Roshit\\coding\\dbsfcc-expert\\materi\\Automation Testing\\1. math-api\\src\\FigureCalculator.js","statementMap":{"0":{"start":{"line":3,"column":4},"end":{"line":3,"column":32}},"1":{"start":{"line":7,"column":4},"end":{"line":9,"column":5}},"2":{"start":{"line":8,"column":6},"end":{"line":8,"column":78}},"3":{"start":{"line":11,"column":4},"end":{"line":15,"column":7}},"4":{"start":{"line":12,"column":6},"end":{"line":14,"column":7}},"5":{"start":{"line":13,"column":8},"end":{"line":13,"column":66}},"6":{"start":{"line":17,"column":4},"end":{"line":17,"column":16}},"7":{"start":{"line":21,"column":28},"end":{"line":21,"column":53}},"8":{"start":{"line":24,"column":4},"end":{"line":24,"column":75}},"9":{"start":{"line":28,"column":28},"end":{"line":28,"column":53}},"10":{"start":{"line":31,"column":4},"end":{"line":31,"column":51}},"11":{"start":{"line":35,"column":33},"end":{"line":35,"column":58}},"12":{"start":{"line":38,"column":4},"end":{"line":38,"column":72}},"13":{"start":{"line":42,"column":27},"end":{"line":42,"column":52}},"14":{"start":{"line":45,"column":4},"end":{"line":45,"column":77}},"15":{"start":{"line":49,"column":0},"end":{"line":49,"column":34}}},"fnMap":{"0":{"name":"(anonymous_0)","decl":{"start":{"line":2,"column":2},"end":{"line":2,"column":3}},"loc":{"start":{"line":2,"column":25},"end":{"line":4,"column":3}},"line":2},"1":{"name":"(anonymous_1)","decl":{"start":{"line":6,"column":2},"end":{"line":6,"column":3}},"loc":{"start":{"line":6,"column":39},"end":{"line":18,"column":3}},"line":6},"2":{"name":"(anonymous_2)","decl":{"start":{"line":11,"column":17},"end":{"line":11,"column":18}},"loc":{"start":{"line":11,"column":26},"end":{"line":15,"column":5}},"line":11},"3":{"name":"(anonymous_3)","decl":{"start":{"line":20,"column":2},"end":{"line":20,"column":3}},"loc":{"start":{"line":20,"column":39},"end":{"line":25,"column":3}},"line":20},"4":{"name":"(anonymous_4)","decl":{"start":{"line":27,"column":2},"end":{"line":27,"column":3}},"loc":{"start":{"line":27,"column":34},"end":{"line":32,"column":3}},"line":27},"5":{"name":"(anonymous_5)","decl":{"start":{"line":34,"column":2},"end":{"line":34,"column":3}},"loc":{"start":{"line":34,"column":38},"end":{"line":39,"column":3}},"line":34},"6":{"name":"(anonymous_6)","decl":{"start":{"line":41,"column":2},"end":{"line":41,"column":3}},"loc":{"start":{"line":41,"column":33},"end":{"line":46,"column":3}},"line":41}},"branchMap":{"0":{"loc":{"start":{"line":7,"column":4},"end":{"line":9,"column":5}},"type":"if","locations":[{"start":{"line":7,"column":4},"end":{"line":9,"column":5}},{"start":{},"end":{}}],"line":7},"1":{"loc":{"start":{"line":12,"column":6},"end":{"line":14,"column":7}},"type":"if","locations":[{"start":{"line":12,"column":6},"end":{"line":14,"column":7}},{"start":{},"end":{}}],"line":12}},"s":{"0":17,"1":34,"2":16,"3":18,"4":29,"5":9,"6":9,"7":8,"8":2,"9":8,"10":2,"11":9,"12":2,"13":9,"14":3,"15":2},"f":{"0":17,"1":34,"2":29,"3":8,"4":8,"5":9,"6":9},"b":{"0":[16,18],"1":[9,20]},"_coverageSchema":"1a1c01bbd47fc00a2c39e90264f33305004495a9","hash":"2b67ed8f6c02de8d610e0318d1c0c3d55982f5a3"}
,"D:\\Roshit\\coding\\dbsfcc-expert\\materi\\Automation Testing\\1. math-api\\src\\MatchBasic.js": {"path":"D:\\Roshit\\coding\\dbsfcc-expert\\materi\\Automation Testing\\1. math-api\\src\\MatchBasic.js","statementMap":{"0":{"start":{"line":1,"column":18},"end":{"line":32,"column":1}},"1":{"start":{"line":3,"column":4},"end":{"line":5,"column":5}},"2":{"start":{"line":4,"column":6},"end":{"line":4,"column":65}},"3":{"start":{"line":7,"column":19},"end":{"line":7,"column":23}},"4":{"start":{"line":9,"column":4},"end":{"line":11,"column":5}},"5":{"start":{"line":10,"column":6},"end":{"line":10,"column":64}},"6":{"start":{"line":12,"column":4},"end":{"line":12,"column":16}},"7":{"start":{"line":16,"column":19},"end":{"line":16,"column":43}},"8":{"start":{"line":17,"column":4},"end":{"line":17,"column":17}},"9":{"start":{"line":21,"column":19},"end":{"line":21,"column":43}},"10":{"start":{"line":22,"column":4},"end":{"line":22,"column":17}},"11":{"start":{"line":25,"column":19},"end":{"line":25,"column":43}},"12":{"start":{"line":26,"column":4},"end":{"line":26,"column":17}},"13":{"start":{"line":29,"column":19},"end":{"line":29,"column":43}},"14":{"start":{"line":30,"column":4},"end":{"line":30,"column":17}},"15":{"start":{"line":34,"column":0},"end":{"line":34,"column":27}}},"fnMap":{"0":{"name":"(anonymous_0)","decl":{"start":{"line":2,"column":2},"end":{"line":2,"column":3}},"loc":{"start":{"line":2,"column":22},"end":{"line":13,"column":3}},"line":2},"1":{"name":"(anonymous_1)","decl":{"start":{"line":15,"column":2},"end":{"line":15,"column":3}},"loc":{"start":{"line":15,"column":15},"end":{"line":18,"column":3}},"line":15},"2":{"name":"(anonymous_2)","decl":{"start":{"line":20,"column":2},"end":{"line":20,"column":3}},"loc":{"start":{"line":20,"column":20},"end":{"line":23,"column":3}},"line":20},"3":{"name":"(anonymous_3)","decl":{"start":{"line":24,"column":2},"end":{"line":24,"column":3}},"loc":{"start":{"line":24,"column":20},"end":{"line":27,"column":3}},"line":24},"4":{"name":"(anonymous_4)","decl":{"start":{"line":28,"column":2},"end":{"line":28,"column":3}},"loc":{"start":{"line":28,"column":18},"end":{"line":31,"column":3}},"line":28}},"branchMap":{"0":{"loc":{"start":{"line":3,"column":4},"end":{"line":5,"column":5}},"type":"if","locations":[{"start":{"line":3,"column":4},"end":{"line":5,"column":5}},{"start":{},"end":{}}],"line":3},"1":{"loc":{"start":{"line":9,"column":4},"end":{"line":11,"column":5}},"type":"if","locations":[{"start":{"line":9,"column":4},"end":{"line":11,"column":5}},{"start":{},"end":{}}],"line":9},"2":{"loc":{"start":{"line":9,"column":8},"end":{"line":9,"column":54}},"type":"binary-expr","locations":[{"start":{"line":9,"column":8},"end":{"line":9,"column":29}},{"start":{"line":9,"column":33},"end":{"line":9,"column":54}}],"line":9}},"s":{"0":3,"1":58,"2":16,"3":42,"4":42,"5":12,"6":30,"7":17,"8":10,"9":11,"10":4,"11":17,"12":10,"13":13,"14":6,"15":3},"f":{"0":58,"1":17,"2":11,"3":17,"4":13},"b":{"0":[16,42],"1":[12,30],"2":[42,30]},"_coverageSchema":"1a1c01bbd47fc00a2c39e90264f33305004495a9","hash":"91155caa5d0ad5f33b61193f1a2f2bd0f956e320"}
,"D:\\Roshit\\coding\\dbsfcc-expert\\materi\\Automation Testing\\1. math-api\\src\\createServer.js": {"path":"D:\\Roshit\\coding\\dbsfcc-expert\\materi\\Automation Testing\\1. math-api\\src\\createServer.js","statementMap":{"0":{"start":{"line":1,"column":13},"end":{"line":1,"column":34}},"1":{"start":{"line":3,"column":21},"end":{"line":98,"column":1}},"2":{"start":{"line":4,"column":17},"end":{"line":7,"column":4}},"3":{"start":{"line":9,"column":2},"end":{"line":95,"column":5}},"4":{"start":{"line":14,"column":25},"end":{"line":14,"column":39}},"5":{"start":{"line":15,"column":22},"end":{"line":15,"column":57}},"6":{"start":{"line":16,"column":8},"end":{"line":16,"column":25}},"7":{"start":{"line":23,"column":25},"end":{"line":23,"column":39}},"8":{"start":{"line":24,"column":22},"end":{"line":24,"column":62}},"9":{"start":{"line":25,"column":8},"end":{"line":25,"column":25}},"10":{"start":{"line":32,"column":25},"end":{"line":32,"column":39}},"11":{"start":{"line":33,"column":22},"end":{"line":33,"column":62}},"12":{"start":{"line":34,"column":8},"end":{"line":34,"column":25}},"13":{"start":{"line":41,"column":25},"end":{"line":41,"column":39}},"14":{"start":{"line":42,"column":22},"end":{"line":42,"column":60}},"15":{"start":{"line":43,"column":8},"end":{"line":43,"column":25}},"16":{"start":{"line":50,"column":34},"end":{"line":50,"column":48}},"17":{"start":{"line":51,"column":22},"end":{"line":54,"column":9}},"18":{"start":{"line":55,"column":8},"end":{"line":55,"column":25}},"19":{"start":{"line":62,"column":34},"end":{"line":62,"column":48}},"20":{"start":{"line":63,"column":22},"end":{"line":66,"column":9}},"21":{"start":{"line":67,"column":8},"end":{"line":67,"column":25}},"22":{"start":{"line":74,"column":39},"end":{"line":74,"column":53}},"23":{"start":{"line":75,"column":22},"end":{"line":79,"column":9}},"24":{"start":{"line":80,"column":8},"end":{"line":80,"column":25}},"25":{"start":{"line":87,"column":33},"end":{"line":87,"column":47}},"26":{"start":{"line":88,"column":22},"end":{"line":91,"column":9}},"27":{"start":{"line":92,"column":8},"end":{"line":92,"column":25}},"28":{"start":{"line":97,"column":2},"end":{"line":97,"column":16}},"29":{"start":{"line":100,"column":0},"end":{"line":100,"column":30}}},"fnMap":{"0":{"name":"(anonymous_0)","decl":{"start":{"line":3,"column":21},"end":{"line":3,"column":22}},"loc":{"start":{"line":3,"column":58},"end":{"line":98,"column":1}},"line":3},"1":{"name":"(anonymous_1)","decl":{"start":{"line":13,"column":15},"end":{"line":13,"column":16}},"loc":{"start":{"line":13,"column":28},"end":{"line":17,"column":7}},"line":13},"2":{"name":"(anonymous_2)","decl":{"start":{"line":22,"column":15},"end":{"line":22,"column":16}},"loc":{"start":{"line":22,"column":28},"end":{"line":26,"column":7}},"line":22},"3":{"name":"(anonymous_3)","decl":{"start":{"line":31,"column":15},"end":{"line":31,"column":16}},"loc":{"start":{"line":31,"column":28},"end":{"line":35,"column":7}},"line":31},"4":{"name":"(anonymous_4)","decl":{"start":{"line":40,"column":15},"end":{"line":40,"column":16}},"loc":{"start":{"line":40,"column":28},"end":{"line":44,"column":7}},"line":40},"5":{"name":"(anonymous_5)","decl":{"start":{"line":49,"column":15},"end":{"line":49,"column":16}},"loc":{"start":{"line":49,"column":28},"end":{"line":56,"column":7}},"line":49},"6":{"name":"(anonymous_6)","decl":{"start":{"line":61,"column":15},"end":{"line":61,"column":16}},"loc":{"start":{"line":61,"column":28},"end":{"line":68,"column":7}},"line":61},"7":{"name":"(anonymous_7)","decl":{"start":{"line":73,"column":15},"end":{"line":73,"column":16}},"loc":{"start":{"line":73,"column":28},"end":{"line":81,"column":7}},"line":73},"8":{"name":"(anonymous_8)","decl":{"start":{"line":86,"column":15},"end":{"line":86,"column":16}},"loc":{"start":{"line":86,"column":28},"end":{"line":93,"column":7}},"line":86}},"branchMap":{},"s":{"0":1,"1":1,"2":8,"3":8,"4":1,"5":1,"6":1,"7":1,"8":1,"9":1,"10":1,"11":1,"12":1,"13":1,"14":1,"15":1,"16":1,"17":1,"18":1,"19":1,"20":1,"21":1,"22":1,"23":1,"24":1,"25":1,"26":1,"27":1,"28":8,"29":1},"f":{"0":8,"1":1,"2":1,"3":1,"4":1,"5":1,"6":1,"7":1,"8":1},"b":{},"_coverageSchema":"1a1c01bbd47fc00a2c39e90264f33305004495a9","hash":"8108c079fb088629957f29f7ca5875b436e9e49d"}
}
