TN:
SF:src\FigureCalculator.js
FN:2,(anonymous_0)
FN:6,(anonymous_1)
FN:11,(anonymous_2)
FN:20,(anonymous_3)
FN:27,(anonymous_4)
FN:34,(anonymous_5)
FN:41,(anonymous_6)
FNF:7
FNH:7
FNDA:13,(anonymous_0)
FNDA:30,(anonymous_1)
FNDA:20,(anonymous_2)
FNDA:7,(anonymous_3)
FNDA:7,(anonymous_4)
FNDA:8,(anonymous_5)
FNDA:8,(anonymous_6)
DA:3,13
DA:7,30
DA:8,16
DA:11,14
DA:12,20
DA:13,9
DA:17,5
DA:21,7
DA:24,1
DA:28,7
DA:31,1
DA:35,8
DA:38,1
DA:42,8
DA:45,2
DA:49,1
LF:16
LH:16
BRDA:7,0,0,16
BRDA:7,0,1,14
BRDA:12,1,0,9
BRDA:12,1,1,11
BRF:4
BRH:4
end_of_record
TN:
SF:src\MatchBasic.js
FN:2,(anonymous_0)
FN:15,(anonymous_1)
FN:20,(anonymous_2)
FN:24,(anonymous_3)
FN:28,(anonymous_4)
FNF:5
FNH:5
FNDA:47,(anonymous_0)
FNDA:13,(anonymous_1)
FNDA:10,(anonymous_2)
FNDA:13,(anonymous_3)
FNDA:11,(anonymous_4)
DA:1,2
DA:3,47
DA:4,16
DA:7,31
DA:9,31
DA:10,12
DA:12,19
DA:16,13
DA:17,6
DA:21,10
DA:22,3
DA:25,13
DA:26,6
DA:29,11
DA:30,4
DA:34,2
LF:16
LH:16
BRDA:3,0,0,16
BRDA:3,0,1,31
BRDA:9,1,0,12
BRDA:9,1,1,19
BRDA:9,2,0,31
BRDA:9,2,1,19
BRF:6
BRH:6
end_of_record
