TN:
SF:src\FigureCalculator.js
FN:2,(anonymous_0)
FN:6,(anonymous_1)
FN:11,(anonymous_2)
FN:20,(anonymous_3)
FN:27,(anonymous_4)
FN:34,(anonymous_5)
FN:41,(anonymous_6)
FNF:7
FNH:7
FNDA:17,(anonymous_0)
FNDA:34,(anonymous_1)
FNDA:29,(anonymous_2)
FNDA:8,(anonymous_3)
FNDA:8,(anonymous_4)
FNDA:9,(anonymous_5)
FNDA:9,(anonymous_6)
DA:3,17
DA:7,34
DA:8,16
DA:11,18
DA:12,29
DA:13,9
DA:17,9
DA:21,8
DA:24,2
DA:28,8
DA:31,2
DA:35,9
DA:38,2
DA:42,9
DA:45,3
DA:49,2
LF:16
LH:16
BRDA:7,0,0,16
BRDA:7,0,1,18
BRDA:12,1,0,9
BRDA:12,1,1,20
BRF:4
BRH:4
end_of_record
TN:
SF:src\MatchBasic.js
FN:2,(anonymous_0)
FN:15,(anonymous_1)
FN:20,(anonymous_2)
FN:24,(anonymous_3)
FN:28,(anonymous_4)
FNF:5
FNH:5
FNDA:58,(anonymous_0)
FNDA:17,(anonymous_1)
FNDA:11,(anonymous_2)
FNDA:17,(anonymous_3)
FNDA:13,(anonymous_4)
DA:1,3
DA:3,58
DA:4,16
DA:7,42
DA:9,42
DA:10,12
DA:12,30
DA:16,17
DA:17,10
DA:21,11
DA:22,4
DA:25,17
DA:26,10
DA:29,13
DA:30,6
DA:34,3
LF:16
LH:16
BRDA:3,0,0,16
BRDA:3,0,1,42
BRDA:9,1,0,12
BRDA:9,1,1,30
BRDA:9,2,0,42
BRDA:9,2,1,30
BRF:6
BRH:6
end_of_record
TN:
SF:src\createServer.js
FN:3,(anonymous_0)
FN:13,(anonymous_1)
FN:22,(anonymous_2)
FN:31,(anonymous_3)
FN:40,(anonymous_4)
FN:49,(anonymous_5)
FN:61,(anonymous_6)
FN:73,(anonymous_7)
FN:86,(anonymous_8)
FNF:9
FNH:9
FNDA:8,(anonymous_0)
FNDA:1,(anonymous_1)
FNDA:1,(anonymous_2)
FNDA:1,(anonymous_3)
FNDA:1,(anonymous_4)
FNDA:1,(anonymous_5)
FNDA:1,(anonymous_6)
FNDA:1,(anonymous_7)
FNDA:1,(anonymous_8)
DA:1,1
DA:3,1
DA:4,8
DA:9,8
DA:14,1
DA:15,1
DA:16,1
DA:23,1
DA:24,1
DA:25,1
DA:32,1
DA:33,1
DA:34,1
DA:41,1
DA:42,1
DA:43,1
DA:50,1
DA:51,1
DA:55,1
DA:62,1
DA:63,1
DA:67,1
DA:74,1
DA:75,1
DA:80,1
DA:87,1
DA:88,1
DA:92,1
DA:97,8
DA:100,1
LF:30
LH:30
BRF:0
BRH:0
end_of_record
