<?xml version="1.0" encoding="UTF-8"?>
<coverage generated="1694282691678" clover="3.2.0">
  <project timestamp="1694282691678" name="All files">
    <metrics statements="25" coveredstatements="25" conditionals="3" coveredconditionals="2" methods="10" coveredmethods="10" elements="38" coveredelements="37" complexity="0" loc="25" ncloc="25" packages="1" files="3" classes="3"/>
    <file name="Rocket.js" path="D:\Roshit\coding\dbsfcc-expert\materi\Automation Testing\2. test-double-rocket\src\Rocket.js">
      <metrics statements="3" coveredstatements="3" conditionals="0" coveredconditionals="0" methods="1" coveredmethods="1"/>
      <line num="3" count="8" type="stmt"/>
      <line num="4" count="8" type="stmt"/>
      <line num="8" count="1" type="stmt"/>
    </file>
    <file name="RocketLauncher.js" path="D:\Roshit\coding\dbsfcc-expert\materi\Automation Testing\2. test-double-rocket\src\RocketLauncher.js">
      <metrics statements="16" coveredstatements="16" conditionals="3" coveredconditionals="2" methods="5" coveredmethods="5"/>
      <line num="6" count="5" type="stmt"/>
      <line num="7" count="5" type="stmt"/>
      <line num="11" count="1" type="stmt"/>
      <line num="12" count="2" type="stmt"/>
      <line num="15" count="1" type="stmt"/>
      <line num="19" count="1" type="stmt"/>
      <line num="20" count="1" type="stmt"/>
      <line num="24" count="3" type="stmt"/>
      <line num="26" count="3" type="stmt"/>
      <line num="27" count="5" type="stmt"/>
      <line num="28" count="5" type="stmt"/>
      <line num="30" count="2" type="stmt"/>
      <line num="34" count="3" type="cond" truecount="2" falsecount="0"/>
      <line num="35" count="1" type="stmt"/>
      <line num="38" count="2" type="stmt"/>
      <line num="42" count="1" type="stmt"/>
    </file>
    <file name="RocketRepairKit.js" path="D:\Roshit\coding\dbsfcc-expert\materi\Automation Testing\2. test-double-rocket\src\RocketRepairKit.js">
      <metrics statements="6" coveredstatements="6" conditionals="0" coveredconditionals="0" methods="4" coveredmethods="4"/>
      <line num="8" count="1" type="stmt"/>
      <line num="9" count="1" type="stmt"/>
      <line num="10" count="1" type="stmt"/>
      <line num="18" count="2" type="stmt"/>
      <line num="19" count="2" type="stmt"/>
      <line num="24" count="1" type="stmt"/>
    </file>
  </project>
</coverage>
