TN:
SF:src\Rocket.js
FN:2,(anonymous_0)
FNF:1
FNH:1
FNDA:8,(anonymous_0)
DA:3,8
DA:4,8
DA:8,1
LF:3
LH:3
BRF:0
BRH:0
end_of_record
TN:
SF:src\RocketLauncher.js
FN:5,(anonymous_0)
FN:10,(anonymous_1)
FN:11,(anonymous_2)
FN:18,(anonymous_3)
FN:23,(anonymous_4)
FNF:5
FNH:5
FNDA:5,(anonymous_0)
FNDA:1,(anonymous_1)
FNDA:2,(anonymous_2)
FNDA:1,(anonymous_3)
FNDA:3,(anonymous_4)
DA:6,5
DA:7,5
DA:11,1
DA:12,2
DA:15,1
DA:19,1
DA:20,1
DA:24,3
DA:26,3
DA:27,5
DA:28,5
DA:30,2
DA:34,3
DA:35,1
DA:38,2
DA:42,1
LF:16
LH:16
BRDA:5,0,0,0
BRDA:34,1,0,1
BRDA:34,1,1,2
BRF:3
BRH:2
end_of_record
TN:
SF:src\RocketRepairKit.js
FN:7,(anonymous_0)
FN:13,(anonymous_1)
FN:18,(anonymous_2)
FN:19,(anonymous_3)
FNF:4
FNH:4
FNDA:1,(anonymous_0)
FNDA:2,(anonymous_1)
FNDA:2,(anonymous_2)
FNDA:2,(anonymous_3)
DA:8,1
DA:9,1
DA:10,1
DA:18,2
DA:19,2
DA:24,1
LF:6
LH:6
BRF:0
BRH:0
end_of_record
